<?xml version="1.0" encoding="UTF-8"?>
<testng-results skipped="0" failed="0" ignored="0" total="0" passed="0">
  <reporter-output>
  </reporter-output>
  <suite name="Only Tables Class" duration-ms="10" started-at="2020-01-02T20:12:04 EST" finished-at="2020-01-02T20:12:04 EST">
    <groups>
    </groups>
    <test name="Table Tests" duration-ms="10" started-at="2020-01-02T20:12:04 EST" finished-at="2020-01-02T20:12:04 EST">
    </test> <!-- Table Tests -->
  </suite> <!-- Only Tables Class -->
</testng-results>
